#
# A fatal error has been detected by the Java Runtime Environment:
#
#  SIGSEGV (0xb) at pc=0xb4d47589, pid=15206, tid=3079506800
#
# JRE version: 7.0-b147
# Java VM: Java HotSpot(TM) Server VM (21.0-b17 mixed mode linux-x86 )
# Problematic frame:
# J  scala.tools.nsc.symtab.Types$SimpleTypeProxy$class.baseType(Lscala/tools/nsc/symtab/Types$SimpleTypeProxy;Lscala/tools/nsc/symtab/Symbols$Symbol;)Lscala/tools/nsc/symtab/Types$Type;
#
# Failed to write core dump. Core dumps have been disabled. To enable core dumping, try "ulimit -c unlimited" before starting Java again
#
# If you would like to submit a bug report, please visit:
#   http://bugreport.sun.com/bugreport/crash.jsp
#

---------------  T H R E A D  ---------------

Current thread (0x0821c800):  JavaThread "main" [_thread_in_Java, id=15207, stack(0xb7888000,0xb78d9000)]

siginfo:si_signo=SIGSEGV: si_errno=0, si_code=128 (), si_addr=0x00000000

Registers:
EAX=0x91cbece8, EBX=0xb237f418, ECX=0xaa8ab4b0, EDX=0x0000000c
ESP=0xb78cdfb0, EBP=0xac8ecbb0, ESI=0xb4d47550, EDI=0x91a32aa8
EIP=0xb4d47589, EFLAGS=0x00210202, CR2=0xb78ed000

Top of Stack: (sp=0xb78cdfb0)
0xb78cdfb0:   00000000 00000000 00000102 ac907318
0xb78cdfc0:   0821c800 ac8eccf8 aa4025d8 b78cdff4
0xb78cdfd0:   b78ce018 b488349a b78ce018 b488357b
0xb78cdfe0:   00000000 00000000 b78ce018 b488357b
0xb78cdff0:   aa400848 00000000 ac8ecc68 b498af20
0xb78ce000:   b78ce03c 91b3d440 ac8ecc68 b49046f8
0xb78ce010:   00000000 ac8ecc88 ffffffff b4a21bec
0xb78ce020:   aa400848 aa400848 00000000 ffffffff 

Instructions: (pc=0xb4d47589)
0xb4d47569:   81 ff a8 2a a3 91 0f 85 98 09 00 00 8b e9 8b 5d
0xb4d47579:   38 8b 8b 08 01 00 00 8b 41 04 81 f8 a8 67 b1 91
0xb4d47589:   0f 85 1a 0e 00 00 0f b6 41 1d 8b 7d 20 89 7c 24
0xb4d47599:   1c 85 c0 0f 85 c2 1c 00 00 8b 4c 24 0c 85 c9 0f 

Register to memory mapping:

EAX=0x91cbece8 is an oop
{instance class} 
 - klass: {other class}
EBX=0xb237f418 is an oop
xsbt.CompilerInterface$compiler$2$ 
 - klass: 'xsbt/CompilerInterface$compiler$2$'
ECX=0xaa8ab4b0 is an oop
scala.tools.nsc.typechecker.Analyzer$namerFactory$$anon$1 
 - klass: 'scala/tools/nsc/typechecker/Analyzer$namerFactory$$anon$1'
EDX=0x0000000c is an unknown value
ESP=0xb78cdfb0 is pointing into the stack for thread: 0x0821c800
EBP=0xac8ecbb0 is an oop
scala.tools.nsc.symtab.Symbols$ClassSymbol 
 - klass: 'scala/tools/nsc/symtab/Symbols$ClassSymbol'
ESI=0xb4d45c48 [CodeBlob (0xb4d45c48)]
Framesize: 20
EDI=0x91a32aa8 is an oop
{instance class} 
 - klass: {other class}


Stack: [0xb7888000,0xb78d9000],  sp=0xb78cdfb0,  free space=279k
Native frames: (J=compiled Java code, j=interpreted, Vv=VM code, C=native code)
J  scala.tools.nsc.symtab.Types$SimpleTypeProxy$class.baseType(Lscala/tools/nsc/symtab/Types$SimpleTypeProxy;Lscala/tools/nsc/symtab/Symbols$Symbol;)Lscala/tools/nsc/symtab/Types$Type;


---------------  P R O C E S S  ---------------

Java Threads: ( => current thread )
  0x090ec400 JavaThread "Keep-Alive-Timer" daemon [_thread_blocked, id=15265, stack(0x8f84f000,0x8f8a0000)]
  0x8f974000 JavaThread "process reaper" daemon [_thread_blocked, id=15222, stack(0x8fa8a000,0x8fa99000)]
  0x8f973000 JavaThread "process reaper" daemon [_thread_blocked, id=15220, stack(0x8f8f1000,0x8f900000)]
  0x0830a800 JavaThread "Service Thread" daemon [_thread_blocked, id=15216, stack(0x8ff03000,0x8ff54000)]
  0x08308c00 JavaThread "C2 CompilerThread1" daemon [_thread_in_vm, id=15215, stack(0x8fcfe000,0x8fd7f000)]
  0x08306c00 JavaThread "C2 CompilerThread0" daemon [_thread_in_native, id=15214, stack(0x8fd7f000,0x8fe00000)]
  0x08305000 JavaThread "Signal Dispatcher" daemon [_thread_blocked, id=15213, stack(0x8ff54000,0x8ffa5000)]
  0x082cc000 JavaThread "Finalizer" daemon [_thread_blocked, id=15212, stack(0x901a5000,0x901f6000)]
  0x082c7400 JavaThread "Reference Handler" daemon [_thread_blocked, id=15211, stack(0x901f6000,0x90247000)]
=>0x0821c800 JavaThread "main" [_thread_in_Java, id=15207, stack(0xb7888000,0xb78d9000)]

Other Threads:
  0x082c1800 VMThread [stack: 0x90247000,0x902c8000] [id=15210]
  0x0830c800 WatcherThread [stack: 0x8fc7d000,0x8fcfe000] [id=15217]

VM state:not at safepoint (normal execution)

VM Mutex/Monitor currently owned by a thread: None

Heap
 PSYoungGen      total 148608K, used 72216K [0xa9d20000, 0xb47c0000, 0xb47c0000)
  eden space 122496K, 37% used [0xa9d20000,0xaca27728,0xb14c0000)
  from space 26112K, 99% used [0xb14c0000,0xb2e3e9c0,0xb2e40000)
  to   space 26112K, 0% used [0xb2e40000,0xb2e40000,0xb47c0000)
 PSOldGen        total 59200K, used 31388K [0x947c0000, 0x98190000, 0xa9d20000)
  object space 59200K, 53% used [0x947c0000,0x966670a0,0x98190000)
 PSPermGen       total 48640K, used 33171K [0x907c0000, 0x93740000, 0x947c0000)
  object space 48640K, 68% used [0x907c0000,0x92824e88,0x93740000)

Code Cache  [0xb4880000, 0xb4d60000, 0xb7880000)
 total_blobs=2052 nmethods=1894 adapters=109 free_code_cache=44359Kb largest_free_block=45234880

Dynamic libraries:
00110000-0026a000 r-xp 00000000 08:08 1053883    /lib/i386-linux-gnu/libc-2.13.so
0026a000-0026b000 ---p 0015a000 08:08 1053883    /lib/i386-linux-gnu/libc-2.13.so
0026b000-0026d000 r--p 0015a000 08:08 1053883    /lib/i386-linux-gnu/libc-2.13.so
0026d000-0026e000 rw-p 0015c000 08:08 1053883    /lib/i386-linux-gnu/libc-2.13.so
0026e000-00271000 rw-p 00000000 00:00 0 
00271000-00294000 r-xp 00000000 08:07 542387     /usr/lib/jvm/jdk1.7.0/jre/lib/i386/libjava.so
00294000-00295000 rw-p 00022000 08:07 542387     /usr/lib/jvm/jdk1.7.0/jre/lib/i386/libjava.so
00295000-0029b000 r-xp 00000000 08:08 1053925    /lib/i386-linux-gnu/libnss_compat-2.13.so
0029b000-0029c000 r--p 00005000 08:08 1053925    /lib/i386-linux-gnu/libnss_compat-2.13.so
0029c000-0029d000 rw-p 00006000 08:08 1053925    /lib/i386-linux-gnu/libnss_compat-2.13.so
0029d000-002a6000 r-xp 00000000 08:08 1053933    /lib/i386-linux-gnu/libnss_nis-2.13.so
002a6000-002a7000 r--p 00008000 08:08 1053933    /lib/i386-linux-gnu/libnss_nis-2.13.so
002a7000-002a8000 rw-p 00009000 08:08 1053933    /lib/i386-linux-gnu/libnss_nis-2.13.so
002a8000-002b2000 r-xp 00000000 08:08 1053929    /lib/i386-linux-gnu/libnss_files-2.13.so
002b2000-002b3000 r--p 00009000 08:08 1053929    /lib/i386-linux-gnu/libnss_files-2.13.so
002b3000-002b4000 rw-p 0000a000 08:08 1053929    /lib/i386-linux-gnu/libnss_files-2.13.so
002b4000-002c2000 r-xp 00000000 08:07 542377     /usr/lib/jvm/jdk1.7.0/jre/lib/i386/libnio.so
002c2000-002c3000 rw-p 0000e000 08:07 542377     /usr/lib/jvm/jdk1.7.0/jre/lib/i386/libnio.so
002c3000-002c5000 r-xp 00000000 08:08 1053118    /lib/libnss_mdns4_minimal.so.2
002c5000-002c6000 r--p 00001000 08:08 1053118    /lib/libnss_mdns4_minimal.so.2
002c6000-002c7000 rw-p 00002000 08:08 1053118    /lib/libnss_mdns4_minimal.so.2
002c7000-002e1000 r-xp 00000000 08:08 1053911    /lib/i386-linux-gnu/libgcc_s.so.1
002e1000-002e2000 r--p 00019000 08:08 1053911    /lib/i386-linux-gnu/libgcc_s.so.1
002e2000-002e3000 rw-p 0001a000 08:08 1053911    /lib/i386-linux-gnu/libgcc_s.so.1
004e8000-004fb000 r-xp 00000000 08:08 1053923    /lib/i386-linux-gnu/libnsl-2.13.so
004fb000-004fc000 r--p 00012000 08:08 1053923    /lib/i386-linux-gnu/libnsl-2.13.so
004fc000-004fd000 rw-p 00013000 08:08 1053923    /lib/i386-linux-gnu/libnsl-2.13.so
004fd000-004ff000 rw-p 00000000 00:00 0 
00555000-0056c000 r-xp 00000000 08:07 542407     /usr/lib/jvm/jdk1.7.0/jre/lib/i386/libzip.so
0056c000-0056d000 rw-p 00017000 08:07 542407     /usr/lib/jvm/jdk1.7.0/jre/lib/i386/libzip.so
005a9000-005c5000 r-xp 00000000 08:08 1053870    /lib/i386-linux-gnu/ld-2.13.so
005c5000-005c6000 r--p 0001b000 08:08 1053870    /lib/i386-linux-gnu/ld-2.13.so
005c6000-005c7000 rw-p 0001c000 08:08 1053870    /lib/i386-linux-gnu/ld-2.13.so
00614000-0061b000 r-xp 00000000 08:08 1053952    /lib/i386-linux-gnu/librt-2.13.so
0061b000-0061c000 r--p 00006000 08:08 1053952    /lib/i386-linux-gnu/librt-2.13.so
0061c000-0061d000 rw-p 00007000 08:08 1053952    /lib/i386-linux-gnu/librt-2.13.so
0063c000-00650000 r-xp 00000000 08:07 542382     /usr/lib/jvm/jdk1.7.0/jre/lib/i386/libnet.so
00650000-00651000 rw-p 00014000 08:07 542382     /usr/lib/jvm/jdk1.7.0/jre/lib/i386/libnet.so
0066d000-0066f000 r-xp 00000000 08:08 1053893    /lib/i386-linux-gnu/libdl-2.13.so
0066f000-00670000 r--p 00001000 08:08 1053893    /lib/i386-linux-gnu/libdl-2.13.so
00670000-00671000 rw-p 00002000 08:08 1053893    /lib/i386-linux-gnu/libdl-2.13.so
00678000-006ab000 r-xp 00000000 08:07 542386     /usr/lib/jvm/jdk1.7.0/jre/lib/i386/libsunec.so
006ab000-006af000 rw-p 00032000 08:07 542386     /usr/lib/jvm/jdk1.7.0/jre/lib/i386/libsunec.so
006af000-006b3000 rw-p 00000000 00:00 0 
006be000-006cf000 r-xp 00000000 08:08 1053950    /lib/i386-linux-gnu/libresolv-2.13.so
006cf000-006d0000 r--p 00010000 08:08 1053950    /lib/i386-linux-gnu/libresolv-2.13.so
006d0000-006d1000 rw-p 00011000 08:08 1053950    /lib/i386-linux-gnu/libresolv-2.13.so
006d1000-006d3000 rw-p 00000000 00:00 0 
00735000-00741000 r-xp 00000000 08:07 542408     /usr/lib/jvm/jdk1.7.0/jre/lib/i386/libverify.so
00741000-00742000 rw-p 0000c000 08:07 542408     /usr/lib/jvm/jdk1.7.0/jre/lib/i386/libverify.so
008cb000-008cf000 r-xp 00000000 08:08 1053927    /lib/i386-linux-gnu/libnss_dns-2.13.so
008cf000-008d0000 r--p 00004000 08:08 1053927    /lib/i386-linux-gnu/libnss_dns-2.13.so
008d0000-008d1000 rw-p 00005000 08:08 1053927    /lib/i386-linux-gnu/libnss_dns-2.13.so
008d9000-008ee000 r-xp 00000000 08:08 1053948    /lib/i386-linux-gnu/libpthread-2.13.so
008ee000-008ef000 r--p 00015000 08:08 1053948    /lib/i386-linux-gnu/libpthread-2.13.so
008ef000-008f0000 rw-p 00016000 08:08 1053948    /lib/i386-linux-gnu/libpthread-2.13.so
008f0000-008f2000 rw-p 00000000 00:00 0 
009d3000-009d4000 r-xp 00000000 00:00 0          [vdso]
009eb000-00a0f000 r-xp 00000000 08:08 1053920    /lib/i386-linux-gnu/libm-2.13.so
00a0f000-00a10000 r--p 00023000 08:08 1053920    /lib/i386-linux-gnu/libm-2.13.so
00a10000-00a11000 rw-p 00024000 08:08 1053920    /lib/i386-linux-gnu/libm-2.13.so
00b29000-00b3c000 r-xp 00000000 08:07 542393     /usr/lib/jvm/jdk1.7.0/jre/lib/i386/jli/libjli.so
00b3c000-00b3d000 rw-p 00012000 08:07 542393     /usr/lib/jvm/jdk1.7.0/jre/lib/i386/jli/libjli.so
00b3d000-012a1000 r-xp 00000000 08:07 542399     /usr/lib/jvm/jdk1.7.0/jre/lib/i386/server/libjvm.so
012a1000-012ec000 rw-p 00763000 08:07 542399     /usr/lib/jvm/jdk1.7.0/jre/lib/i386/server/libjvm.so
012ec000-0170b000 rw-p 00000000 00:00 0 
08048000-08049000 r-xp 00000000 08:07 543117     /usr/lib/jvm/jdk1.7.0/jre/bin/java
08049000-0804a000 rw-p 00000000 08:07 543117     /usr/lib/jvm/jdk1.7.0/jre/bin/java
08217000-09aa0000 rw-p 00000000 00:00 0          [heap]
8dc00000-8dcfe000 rw-p 00000000 00:00 0 
8dcfe000-8dd00000 ---p 00000000 00:00 0 
8de00000-8dee2000 rw-p 00000000 00:00 0 
8dee2000-8df00000 ---p 00000000 00:00 0 
8df00000-8dfe2000 rw-p 00000000 00:00 0 
8dfe2000-8e000000 ---p 00000000 00:00 0 
8e000000-8e0f0000 rw-p 00000000 00:00 0 
8e0f0000-8e100000 ---p 00000000 00:00 0 
8e100000-8e1fd000 rw-p 00000000 00:00 0 
8e1fd000-8e200000 ---p 00000000 00:00 0 
8e200000-8e2f4000 rw-p 00000000 00:00 0 
8e2f4000-8e300000 ---p 00000000 00:00 0 
8e300000-8e3f9000 rw-p 00000000 00:00 0 
8e3f9000-8e400000 ---p 00000000 00:00 0 
8e400000-8e5f1000 rw-p 00000000 00:00 0 
8e5f1000-8e600000 ---p 00000000 00:00 0 
8e600000-8e7ff000 rw-p 00000000 00:00 0 
8e7ff000-8e800000 ---p 00000000 00:00 0 
8e900000-8e9fc000 rw-p 00000000 00:00 0 
8e9fc000-8ea00000 ---p 00000000 00:00 0 
8eb00000-8eb63000 r--s 003c4000 08:06 4206195    /home/andrew/code/github/s23m/cell/project/plugins/lib_managed/jars/org.scalaz/scalaz-core_2.9.1/scalaz-core_2.9.1-6.0.3.jar
8ec00000-8ecfd000 rw-p 00000000 00:00 0 
8ecfd000-8ed00000 ---p 00000000 00:00 0 
8ed00000-8edff000 rw-p 00000000 00:00 0 
8edff000-8ee00000 ---p 00000000 00:00 0 
8ee00000-8eefc000 rw-p 00000000 00:00 0 
8eefc000-8ef00000 ---p 00000000 00:00 0 
8f000000-8f100000 rw-p 00000000 00:00 0 
8f1af000-8f1b2000 ---p 00000000 00:00 0 
8f1b2000-8f200000 rw-p 00000000 00:00 0 
8f200000-8f2ff000 rw-p 00000000 00:00 0 
8f2ff000-8f300000 ---p 00000000 00:00 0 
8f300000-8f3fc000 rw-p 00000000 00:00 0 
8f3fc000-8f400000 ---p 00000000 00:00 0 
8f400000-8f4fb000 rw-p 00000000 00:00 0 
8f4fb000-8f500000 ---p 00000000 00:00 0 
8f500000-8f600000 rw-p 00000000 00:00 0 
8f600000-8f700000 rw-p 00000000 00:00 0 
8f700000-8f800000 rw-p 00000000 00:00 0 
8f84f000-8f852000 ---p 00000000 00:00 0 
8f852000-8f8a0000 rw-p 00000000 00:00 0 
8f8a0000-8f8a3000 ---p 00000000 00:00 0 
8f8a3000-8f8f1000 rw-p 00000000 00:00 0 
8f8f1000-8f8f4000 ---p 00000000 00:00 0 
8f8f4000-8f900000 rw-p 00000000 00:00 0 
8f900000-8f9fc000 rw-p 00000000 00:00 0 
8f9fc000-8fa00000 ---p 00000000 00:00 0 
8fa01000-8fa04000 r--s 0001d000 08:06 660746     /home/andrew/.sbt/boot/scala-2.9.1/org.scala-tools.sbt/sbt/0.11.0/compiler-interface-bin_2.9.1.final/compiler-interface-bin-0.11.0.jar
8fa04000-8fa07000 r--s 00016000 08:06 4206157    /home/andrew/code/github/s23m/cell/project/plugins/lib_managed/jars/com.typesafe.sbteclipse/sbteclipse/scala_2.9.1/sbt_0.11.1/sbteclipse-1.5.0.jar
8fa07000-8fa08000 r--s 00002000 08:06 4206205    /home/andrew/code/github/s23m/cell/project/plugins/lib_managed/jars/com.github.siasia/plugin-commons_2.9.1/plugin-commons_2.9.1-0.11.1-0.1.jar
8fa08000-8fa0c000 r--s 0001d000 08:06 4206281    /home/andrew/code/github/s23m/cell/project/plugins/lib_managed/jars/com.github.siasia/xsbt-web-plugin_2.9.1/xsbt-web-plugin_2.9.1-0.11.1-0.2.8.jar
8fa0c000-8fa0d000 r--s 00005000 08:06 4335064    /home/andrew/code/github/s23m/cell/project/plugins/lib_managed/jars/org.technbolts/sbt-vaadin-plugin/scala_2.9.1/sbt_0.11.1/sbt-vaadin-plugin-0.0.2-SNAPSHOT.jar
8fa0d000-8fa0e000 r--s 00002000 08:06 4206168    /home/andrew/code/github/s23m/cell/project/plugins/lib/junit_xml_listener-0.3.jar
8fa0e000-8fa11000 r--s 00018000 08:07 543107     /usr/lib/jvm/jdk1.7.0/jre/lib/jce.jar
8fa11000-8fa15000 r--s 00037000 08:07 542898     /usr/lib/jvm/jdk1.7.0/jre/lib/ext/sunpkcs11.jar
8fa15000-8fa17000 r--s 00001000 08:07 542900     /usr/lib/jvm/jdk1.7.0/jre/lib/ext/dnsns.jar
8fa17000-8fa1b000 r--s 000f6000 08:07 542902     /usr/lib/jvm/jdk1.7.0/jre/lib/ext/localedata.jar
8fa1b000-8fa1c000 r--s 00003000 08:07 542901     /usr/lib/jvm/jdk1.7.0/jre/lib/ext/sunec.jar
8fa1c000-8fa1e000 r--s 0000f000 08:07 542899     /usr/lib/jvm/jdk1.7.0/jre/lib/ext/zipfs.jar
8fa1e000-8fa22000 r--s 0002d000 08:07 542904     /usr/lib/jvm/jdk1.7.0/jre/lib/ext/sunjce_provider.jar
8fa22000-8fa2d000 r--s 00370000 08:07 542429     /usr/lib/jvm/jdk1.7.0/jre/lib/charsets.jar
8fa2d000-8fa30000 r--s 00018000 08:07 543107     /usr/lib/jvm/jdk1.7.0/jre/lib/jce.jar
8fa30000-8fa39000 r--s 00254000 08:07 543101     /usr/lib/jvm/jdk1.7.0/jre/lib/resources.jar
8fa39000-8fa3c000 ---p 00000000 00:00 0 
8fa3c000-8fa8a000 rw-p 00000000 00:00 0 
8fa8a000-8fa8d000 ---p 00000000 00:00 0 
8fa8d000-8fa99000 rw-p 00000000 00:00 0 
8fa99000-8fa9b000 r--s 00007000 08:06 792523     /home/andrew/.sbt/boot/scala-2.9.1/org.scala-tools.sbt/sbt/0.11.0/xsbti/interface-0.11.0.jar
8fa9b000-8faa1000 r--s 0003a000 08:06 660782     /home/andrew/.sbt/boot/scala-2.9.1/org.scala-tools.sbt/sbt/0.11.0/actions_2.9.1-0.11.0.jar
8faa1000-8faa2000 r--s 00003000 08:06 660817     /home/andrew/.sbt/boot/scala-2.9.1/org.scala-tools.sbt/sbt/0.11.0/sbt_2.9.1-0.11.0.jar
8faa2000-8faa6000 r--s 00088000 08:07 542906     /usr/lib/jvm/jdk1.7.0/jre/lib/jsse.jar
8faa6000-8fac1000 r--s 0016d000 08:06 660764     /home/andrew/.sbt/boot/scala-2.9.1/org.scala-tools.sbt/sbt/0.11.0/main_2.9.1-0.11.0.jar
8fac1000-8fac3000 r--s 00009000 08:06 660812     /home/andrew/.sbt/boot/scala-2.9.1/org.scala-tools.sbt/sbt/0.11.0/tracking_2.9.1-0.11.0.jar
8fac3000-8fac9000 r--s 00045000 08:06 660814     /home/andrew/.sbt/boot/scala-2.9.1/org.scala-tools.sbt/sbt/0.11.0/commons-httpclient-3.1.jar
8fac9000-8facb000 r--s 00006000 08:06 660805     /home/andrew/.sbt/boot/scala-2.9.1/org.scala-tools.sbt/sbt/0.11.0/commons-codec-1.2.jar
8facb000-8face000 r--s 00019000 08:06 660761     /home/andrew/.sbt/boot/scala-2.9.1/org.scala-tools.sbt/sbt/0.11.0/process_2.9.1-0.11.0.jar
8face000-8fad4000 r--s 00040000 08:06 660763     /home/andrew/.sbt/boot/scala-2.9.1/org.scala-tools.sbt/sbt/0.11.0/completion_2.9.1-0.11.0.jar
8fad4000-8fad5000 r--s 00002000 08:06 660778     /home/andrew/.sbt/boot/scala-2.9.1/org.scala-tools.sbt/sbt/0.11.0/control_2.9.1-0.11.0.jar
8fad5000-8fad7000 r--s 00014000 08:06 660774     /home/andrew/.sbt/boot/scala-2.9.1/org.scala-tools.sbt/sbt/0.11.0/jline-0.9.94.jar
8fad7000-8fada000 r--s 0001a000 08:06 660779     /home/andrew/.sbt/boot/scala-2.9.1/org.scala-tools.sbt/sbt/0.11.0/compile_2.9.1-0.11.0.jar
8fada000-8fae1000 r--s 00046000 08:06 660759     /home/andrew/.sbt/boot/scala-2.9.1/org.scala-tools.sbt/sbt/0.11.0/api_2.9.1-0.11.0.jar
8fae1000-8fae3000 r--s 00004000 08:06 660784     /home/andrew/.sbt/boot/scala-2.9.1/org.scala-tools.sbt/sbt/0.11.0/discovery_2.9.1-0.11.0.jar
8fae3000-8fae5000 r--s 00008000 08:06 660804     /home/andrew/.sbt/boot/scala-2.9.1/org.scala-tools.sbt/sbt/0.11.0/commons-logging-1.0.4.jar
8fae5000-8fae6000 r--s 00001000 08:06 660815     /home/andrew/.sbt/boot/scala-2.9.1/org.scala-tools.sbt/sbt/0.11.0/launcher-interface_2.9.1-0.11.0.jar
8fae6000-8fae9000 r--s 00012000 08:06 660800     /home/andrew/.sbt/boot/scala-2.9.1/org.scala-tools.sbt/sbt/0.11.0/classfile_2.9.1-0.11.0.jar
8fae9000-8faec000 r--s 00019000 08:06 660750     /home/andrew/.sbt/boot/scala-2.9.1/org.scala-tools.sbt/sbt/0.11.0/cache_2.9.1-0.11.0.jar
8faec000-8faf1000 r--s 0003c000 08:06 660780     /home/andrew/.sbt/boot/scala-2.9.1/org.scala-tools.sbt/sbt/0.11.0/collections_2.9.1-0.11.0.jar
8faf1000-8faf5000 r--s 00021000 08:06 660756     /home/andrew/.sbt/boot/scala-2.9.1/org.scala-tools.sbt/sbt/0.11.0/incremental-compiler_2.9.1-0.11.0.jar
8faf5000-8faf8000 r--s 00016000 08:06 660773     /home/andrew/.sbt/boot/scala-2.9.1/org.scala-tools.sbt/sbt/0.11.0/tasks_2.9.1-0.11.0.jar
8faf8000-8fafb000 r--s 0000f000 08:06 660791     /home/andrew/.sbt/boot/scala-2.9.1/org.scala-tools.sbt/sbt/0.11.0/logging_2.9.1-0.11.0.jar
8fafb000-8fb01000 r--s 00038000 08:06 660816     /home/andrew/.sbt/boot/scala-2.9.1/org.scala-tools.sbt/sbt/0.11.0/io_2.9.1-0.11.0.jar
8fb01000-8fb04000 r--s 00022000 08:06 660802     /home/andrew/.sbt/boot/scala-2.9.1/org.scala-tools.sbt/sbt/0.11.0/sbinary_2.9.0-0.4.0.jar
8fb04000-8fb06000 r--s 00010000 08:06 660777     /home/andrew/.sbt/boot/scala-2.9.1/org.scala-tools.sbt/sbt/0.11.0/testing_2.9.1-0.11.0.jar
8fb06000-8fb09000 r--s 00027000 08:06 660790     /home/andrew/.sbt/boot/scala-2.9.1/org.scala-tools.sbt/sbt/0.11.0/jsch-0.1.31.jar
8fb09000-8fb0c000 r--s 0001b000 08:06 660798     /home/andrew/.sbt/boot/scala-2.9.1/org.scala-tools.sbt/sbt/0.11.0/task-system_2.9.1-0.11.0.jar
8fb0c000-8fb1b000 r--s 000d9000 08:06 660813     /home/andrew/.sbt/boot/scala-2.9.1/org.scala-tools.sbt/sbt/0.11.0/ivy-2.2.0.jar
8fb1b000-8fb24000 r--s 00078000 08:06 660792     /home/andrew/.sbt/boot/scala-2.9.1/org.scala-tools.sbt/sbt/0.11.0/ivy_2.9.1-0.11.0.jar
8fb24000-8fbea000 r--s 00a04000 08:06 660719     /home/andrew/.sbt/boot/scala-2.9.1/lib/scala-compiler.jar
8fbea000-8fc67000 r--s 007f2000 08:06 660717     /home/andrew/.sbt/boot/scala-2.9.1/lib/scala-library.jar
8fc67000-8fc7d000 r--s 000e8000 08:06 527565     /home/andrew/code/bin/sbt-launch.jar
8fc7d000-8fc7e000 ---p 00000000 00:00 0 
8fc7e000-8fcfe000 rw-p 00000000 00:00 0 
8fcfe000-8fd01000 ---p 00000000 00:00 0 
8fd01000-8fd7f000 rw-p 00000000 00:00 0 
8fd7f000-8fd82000 ---p 00000000 00:00 0 
8fd82000-8fe00000 rw-p 00000000 00:00 0 
8fe00000-8ff00000 rw-p 00000000 00:00 0 
8ff00000-8ff03000 r--s 00019000 08:06 660776     /home/andrew/.sbt/boot/scala-2.9.1/org.scala-tools.sbt/sbt/0.11.0/persist_2.9.1-0.11.0.jar
8ff03000-8ff06000 ---p 00000000 00:00 0 
8ff06000-8ff54000 rw-p 00000000 00:00 0 
8ff54000-8ff57000 ---p 00000000 00:00 0 
8ff57000-8ffa5000 rw-p 00000000 00:00 0 
8ffa5000-901a5000 r--p 00000000 08:07 530094     /usr/lib/locale/locale-archive
901a5000-901a8000 ---p 00000000 00:00 0 
901a8000-901f6000 rw-p 00000000 00:00 0 
901f6000-901f9000 ---p 00000000 00:00 0 
901f9000-90247000 rw-p 00000000 00:00 0 
90247000-90248000 ---p 00000000 00:00 0 
90248000-90313000 rw-p 00000000 00:00 0 
90313000-904d2000 r--s 039fa000 08:07 543051     /usr/lib/jvm/jdk1.7.0/jre/lib/rt.jar
904d2000-904d3000 ---p 00000000 00:00 0 
904d3000-90553000 rw-p 00000000 00:00 0 
90553000-90554000 ---p 00000000 00:00 0 
90554000-905ec000 rw-p 00000000 00:00 0 
905ec000-905f4000 rw-p 00000000 00:00 0 
905f4000-90611000 rw-p 00000000 00:00 0 
90611000-9069f000 rw-p 00000000 00:00 0 
9069f000-906b7000 rw-p 00000000 00:00 0 
906b7000-906bf000 rw-p 00000000 00:00 0 
906bf000-906dc000 rw-p 00000000 00:00 0 
906dc000-90769000 rw-p 00000000 00:00 0 
90769000-907bf000 rw-p 00000000 00:00 0 
907bf000-93740000 rw-p 00000000 00:00 0 
93740000-947c0000 rw-p 00000000 00:00 0 
947c0000-98190000 rw-p 00000000 00:00 0 
98190000-a9d20000 rw-p 00000000 00:00 0 
a9d20000-b47c0000 rw-p 00000000 00:00 0 
b47c0000-b47d4000 rw-p 00000000 00:00 0 
b47d4000-b4880000 rw-p 00000000 00:00 0 
b4880000-b4d60000 rwxp 00000000 00:00 0 
b4d60000-b7880000 rw-p 00000000 00:00 0 
b7880000-b7888000 rw-s 00000000 08:08 394155     /tmp/hsperfdata_andrew/15206
b7888000-b788b000 ---p 00000000 00:00 0 
b788b000-b78db000 rw-p 00000000 00:00 0 
b78db000-b78de000 r--s 00012000 08:06 660811     /home/andrew/.sbt/boot/scala-2.9.1/org.scala-tools.sbt/sbt/0.11.0/classpath_2.9.1-0.11.0.jar
b78de000-b78e0000 r--s 00014000 08:06 660808     /home/andrew/.sbt/boot/scala-2.9.1/org.scala-tools.sbt/sbt/0.11.0/run_2.9.1-0.11.0.jar
b78e0000-b78e2000 r--s 00000000 08:06 660793     /home/andrew/.sbt/boot/scala-2.9.1/org.scala-tools.sbt/sbt/0.11.0/test-interface-0.5.jar
b78e2000-b78e5000 r--s 00018000 08:06 660711     /home/andrew/.sbt/boot/scala-2.9.1/lib/jansi.jar
b78e5000-b78e8000 r--s 00024000 08:06 660726     /home/andrew/.sbt/boot/scala-2.9.1/lib/jline.jar
b78e8000-b78eb000 r--s 000cf000 08:06 660703     /home/andrew/.sbt/boot/other/net.java.dev.jna/jna/3.2.3/jna-3.2.3.jar
b78eb000-b78ec000 r--p 002a1000 08:07 530094     /usr/lib/locale/locale-archive
b78ec000-b78ed000 rw-p 00000000 00:00 0 
b78ed000-b78ee000 r--p 00000000 00:00 0 
b78ee000-b78f0000 rw-p 00000000 00:00 0 
bfb2d000-bfb4e000 rw-p 00000000 00:00 0          [stack]

VM Arguments:
jvm_args: -Xmx512M 
java_command: /home/andrew/code/bin/sbt-launch.jar
Launcher Type: SUN_STANDARD

Environment Variables:
JAVA_HOME=/usr/lib/jvm/java-6-sun
PATH=/home/andrew/bin:/usr/local/sbin:/usr/local/bin:/usr/sbin:/usr/bin:/sbin:/bin:/usr/games:/usr/local/apache-maven/apache-maven-3.0.3/bin:/home/andrew/bin
USERNAME=andrew
SHELL=/bin/bash
DISPLAY=:0.0

Signal Handlers:
SIGSEGV: [libjvm.so+0x6ddc10], sa_mask[0]=0x7ffbfeff, sa_flags=0x10000004
SIGBUS: [libjvm.so+0x6ddc10], sa_mask[0]=0x7ffbfeff, sa_flags=0x10000004
SIGFPE: [libjvm.so+0x59e1e0], sa_mask[0]=0x7ffbfeff, sa_flags=0x10000004
SIGPIPE: [libjvm.so+0x59e1e0], sa_mask[0]=0x7ffbfeff, sa_flags=0x10000004
SIGXFSZ: [libjvm.so+0x59e1e0], sa_mask[0]=0x7ffbfeff, sa_flags=0x10000004
SIGILL: [libjvm.so+0x59e1e0], sa_mask[0]=0x7ffbfeff, sa_flags=0x10000004
SIGUSR1: SIG_DFL, sa_mask[0]=0x00000000, sa_flags=0x00000000
SIGUSR2: [libjvm.so+0x59dae0], sa_mask[0]=0x00000000, sa_flags=0x10000004
SIGHUP: [libjvm.so+0x5a01f0], sa_mask[0]=0x7ffbfeff, sa_flags=0x10000004
SIGINT: [libjvm.so+0x5a01f0], sa_mask[0]=0x7ffbfeff, sa_flags=0x10000004
SIGTERM: [libjvm.so+0x5a01f0], sa_mask[0]=0x7ffbfeff, sa_flags=0x10000004
SIGQUIT: [libjvm.so+0x5a01f0], sa_mask[0]=0x7ffbfeff, sa_flags=0x10000004


---------------  S Y S T E M  ---------------

OS:squeeze/sid

uname:Linux 2.6.38-13-generic #53-Ubuntu SMP Mon Nov 28 19:23:39 UTC 2011 i686
libc:glibc 2.13 NPTL 2.13 
rlimit: STACK 8192k, CORE 0k, NPROC infinity, NOFILE 4096, AS infinity
load average:2.42 1.07 0.64

/proc/meminfo:
MemTotal:        3086368 kB
MemFree:          268360 kB
Buffers:           82492 kB
Cached:           644976 kB
SwapCached:         2084 kB
Active:          1898192 kB
Inactive:         796560 kB
Active(anon):    1584172 kB
Inactive(anon):   486936 kB
Active(file):     314020 kB
Inactive(file):   309624 kB
Unevictable:           0 kB
Mlocked:               0 kB
HighTotal:       2227016 kB
HighFree:           4556 kB
LowTotal:         859352 kB
LowFree:          263804 kB
SwapTotal:       5518292 kB
SwapFree:        5494164 kB
Dirty:              1880 kB
Writeback:             0 kB
AnonPages:       1967112 kB
Mapped:           137764 kB
Shmem:            103796 kB
Slab:              70092 kB
SReclaimable:      52452 kB
SUnreclaim:        17640 kB
KernelStack:        4496 kB
PageTables:        22256 kB
NFS_Unstable:          0 kB
Bounce:                0 kB
WritebackTmp:          0 kB
CommitLimit:     7061476 kB
Committed_AS:    6372840 kB
VmallocTotal:     122880 kB
VmallocUsed:       25960 kB
VmallocChunk:      80956 kB
HardwareCorrupted:     0 kB
HugePages_Total:       0
HugePages_Free:        0
HugePages_Rsvd:        0
HugePages_Surp:        0
Hugepagesize:       4096 kB
DirectMap4k:       24568 kB
DirectMap4M:      884736 kB


CPU:total 2 (2 cores per cpu, 1 threads per core) family 6 model 15 stepping 13, cmov, cx8, fxsr, mmx, sse, sse2, sse3, ssse3

/proc/cpuinfo:
processor	: 0
vendor_id	: GenuineIntel
cpu family	: 6
model		: 15
model name	: Intel(R) Pentium(R) Dual  CPU  T2330  @ 1.60GHz
stepping	: 13
cpu MHz		: 1600.000
cache size	: 1024 KB
physical id	: 0
siblings	: 2
core id		: 0
cpu cores	: 2
apicid		: 0
initial apicid	: 0
fdiv_bug	: no
hlt_bug		: no
f00f_bug	: no
coma_bug	: no
fpu		: yes
fpu_exception	: yes
cpuid level	: 10
wp		: yes
flags		: fpu vme de pse tsc msr pae mce cx8 apic mtrr pge mca cmov pat pse36 clflush dts acpi mmx fxsr sse sse2 ss ht tm pbe nx lm constant_tsc arch_perfmon pebs bts aperfmperf pni dtes64 monitor ds_cpl est tm2 ssse3 cx16 xtpr pdcm lahf_lm dts
bogomips	: 3191.85
clflush size	: 64
cache_alignment	: 64
address sizes	: 36 bits physical, 48 bits virtual
power management:

processor	: 1
vendor_id	: GenuineIntel
cpu family	: 6
model		: 15
model name	: Intel(R) Pentium(R) Dual  CPU  T2330  @ 1.60GHz
stepping	: 13
cpu MHz		: 1600.000
cache size	: 1024 KB
physical id	: 0
siblings	: 2
core id		: 1
cpu cores	: 2
apicid		: 1
initial apicid	: 1
fdiv_bug	: no
hlt_bug		: no
f00f_bug	: no
coma_bug	: no
fpu		: yes
fpu_exception	: yes
cpuid level	: 10
wp		: yes
flags		: fpu vme de pse tsc msr pae mce cx8 apic mtrr pge mca cmov pat pse36 clflush dts acpi mmx fxsr sse sse2 ss ht tm pbe nx lm constant_tsc arch_perfmon pebs bts aperfmperf pni dtes64 monitor ds_cpl est tm2 ssse3 cx16 xtpr pdcm lahf_lm dts
bogomips	: 3192.01
clflush size	: 64
cache_alignment	: 64
address sizes	: 36 bits physical, 48 bits virtual
power management:



Memory: 4k page, physical 3086368k(268360k free), swap 5518292k(5494164k free)

vm_info: Java HotSpot(TM) Server VM (21.0-b17) for linux-x86 JRE (1.7.0-b147), built on Jun 27 2011 01:49:33 by "java_re" with gcc 4.3.0 20080428 (Red Hat 4.3.0-8)

time: Wed Jan  4 23:35:13 2012
elapsed time: 59 seconds

